2022-04-14 18:29:45,401  INFO [TestNG-test=ChromeTest-1] MSauceDemo:57 - browser is maximized
2022-04-14 18:29:57,714  INFO [TestNG-test=ChromeTest-1] MSauceDemo:62 - URL open
2022-04-14 18:29:57,732  INFO [TestNG-test=ChromeTest-1] MSauceDemo:66 - wait applied
2022-04-14 18:29:58,133  INFO [TestNG-test=ChromeTest-1] MSauceDemo:77 - username passed
2022-04-14 18:29:58,374  INFO [TestNG-test=ChromeTest-1] MSauceDemo:79 - password pass
2022-04-14 18:29:58,783  INFO [TestNG-test=ChromeTest-1] MSauceDemo:81 - login click
2022-04-14 18:29:58,816  INFO [TestNG-test=ChromeTest-1] MSauceDemo:32 - validating login
2022-04-14 18:30:00,035  INFO [TestNG-test=ChromeTest-1] MSauceDemo:102 - logout2022-04-15 10:41:56,113  INFO [TestNG-test=ChromeTest-1] MSauceDemo:57 - browser is maximized
2022-04-15 10:42:09,988  INFO [TestNG-test=ChromeTest-1] MSauceDemo:62 - URL open
2022-04-15 10:42:10,001  INFO [TestNG-test=ChromeTest-1] MSauceDemo:66 - wait applied
2022-04-15 10:42:10,362  INFO [TestNG-test=ChromeTest-1] MSauceDemo:77 - username passed
2022-04-15 10:42:10,449  INFO [TestNG-test=ChromeTest-1] MSauceDemo:79 - password pass
2022-04-15 10:42:10,872  INFO [TestNG-test=ChromeTest-1] MSauceDemo:81 - login click
2022-04-15 10:42:10,886  INFO [TestNG-test=ChromeTest-1] MSauceDemo:32 - validating login
2022-04-15 10:42:12,577  INFO [TestNG-test=ChromeTest-1] MSauceDemo:102 - logout
2022-04-15 10:45:35,359  INFO [TestNG-test=ChromeTest-1] MSauceDemo:57 - browser is maximized
2022-04-15 10:45:40,987  INFO [TestNG-test=ChromeTest-1] MSauceDemo:62 - URL open
2022-04-15 10:45:40,997  INFO [TestNG-test=ChromeTest-1] MSauceDemo:66 - wait applied
2022-04-15 10:45:43,051  INFO [TestNG-test=ChromeTest-1] MSauceDemo:77 - username passed
2022-04-15 10:45:43,127  INFO [TestNG-test=ChromeTest-1] MSauceDemo:79 - password pass
2022-04-15 10:45:43,307  INFO [TestNG-test=ChromeTest-1] MSauceDemo:81 - login click
2022-04-15 10:45:43,322  INFO [TestNG-test=ChromeTest-1] MSauceDemo:32 - validating login
2022-04-15 10:45:44,489  INFO [TestNG-test=ChromeTest-1] MSauceDemo:102 - logout
2022-04-15 10:50:06,880  INFO [TestNG-test=ChromeTest-1] MSauceDemo:57 - browser is maximized
2022-04-15 10:50:18,155  INFO [TestNG-test=ChromeTest-1] MSauceDemo:62 - URL open
2022-04-15 10:50:18,172  INFO [TestNG-test=ChromeTest-1] MSauceDemo:66 - wait applied
2022-04-15 10:50:18,347  INFO [TestNG-test=ChromeTest-1] MSauceDemo:77 - username passed
2022-04-15 10:50:18,447  INFO [TestNG-test=ChromeTest-1] MSauceDemo:79 - password pass
2022-04-15 10:50:18,589  INFO [TestNG-test=ChromeTest-1] MSauceDemo:81 - login click
2022-04-15 10:50:18,605  INFO [TestNG-test=ChromeTest-1] MSauceDemo:32 - validating login
2022-04-15 10:50:20,072  INFO [TestNG-test=ChromeTest-1] MSauceDemo:102 - logout
2022-04-15 10:51:57,102  INFO [TestNG-test=ChromeTest-1] MSauceDemo:57 - browser is maximized
2022-04-15 10:52:04,916  INFO [TestNG-test=ChromeTest-1] MSauceDemo:62 - URL open
2022-04-15 10:52:04,945  INFO [TestNG-test=ChromeTest-1] MSauceDemo:66 - wait applied
2022-04-15 10:52:05,085  INFO [TestNG-test=ChromeTest-1] MSauceDemo:77 - username passed
2022-04-15 10:52:05,192  INFO [TestNG-test=ChromeTest-1] MSauceDemo:79 - password pass
2022-04-15 10:52:05,319  INFO [TestNG-test=ChromeTest-1] MSauceDemo:81 - login click
2022-04-15 10:52:05,331  INFO [TestNG-test=ChromeTest-1] MSauceDemo:32 - validating login
2022-04-15 10:52:06,550  INFO [TestNG-test=ChromeTest-1] MSauceDemo:102 - logout
2022-04-15 10:56:05,078  INFO [TestNG-test=ChromeTest-1] MSauceDemo:57 - browser is maximized
2022-04-15 10:56:23,033  INFO [TestNG-test=ChromeTest-1] MSauceDemo:62 - URL open
2022-04-15 10:56:23,042  INFO [TestNG-test=ChromeTest-1] MSauceDemo:66 - wait applied
2022-04-15 10:56:23,194  INFO [TestNG-test=ChromeTest-1] MSauceDemo:77 - username passed
2022-04-15 10:56:23,280  INFO [TestNG-test=ChromeTest-1] MSauceDemo:79 - password pass
2022-04-15 10:56:23,408  INFO [TestNG-test=ChromeTest-1] MSauceDemo:81 - login click
2022-04-15 10:56:23,423  INFO [TestNG-test=ChromeTest-1] MSauceDemo:32 - validating login
2022-04-15 10:56:24,269  INFO [TestNG-test=ChromeTest-1] MSauceDemo:102 - logout
2022-04-15 11:16:59,572  INFO [TestNG-test=ChromeTest-1] MSauceDemo:57 - browser is maximized
2022-04-15 11:17:10,778  INFO [TestNG-test=ChromeTest-1] MSauceDemo:62 - URL open
2022-04-15 11:17:10,802  INFO [TestNG-test=ChromeTest-1] MSauceDemo:66 - wait applied
2022-04-15 11:17:10,955  INFO [TestNG-test=ChromeTest-1] MSauceDemo:77 - username passed
2022-04-15 11:17:11,042  INFO [TestNG-test=ChromeTest-1] MSauceDemo:79 - password pass
2022-04-15 11:17:11,171  INFO [TestNG-test=ChromeTest-1] MSauceDemo:81 - login click
2022-04-15 11:17:11,186  INFO [TestNG-test=ChromeTest-1] MSauceDemo:32 - validating login
2022-04-15 11:17:12,300  INFO [TestNG-test=ChromeTest-1] MSauceDemo:102 - logout
2022-04-15 14:20:49,146  INFO [TestNG-test=ChromeTest-3] MSauceDemo:57 - browser is maximized
2022-04-15 14:20:49,149  INFO [TestNG-test=ChromeTest-1] MSauceDemo:57 - browser is maximized
2022-04-15 14:20:49,146  INFO [TestNG-test=ChromeTest-4] MSauceDemo:57 - browser is maximized
2022-04-15 14:20:49,159  INFO [TestNG-test=ChromeTest-2] MSauceDemo:57 - browser is maximized
2022-04-15 14:20:59,409  INFO [TestNG-test=ChromeTest-4] MSauceDemo:62 - URL open
2022-04-15 14:20:59,464  INFO [TestNG-test=ChromeTest-4] MSauceDemo:66 - wait applied
2022-04-15 14:20:59,511  INFO [TestNG-test=ChromeTest-2] MSauceDemo:62 - URL open
2022-04-15 14:20:59,512  INFO [TestNG-test=ChromeTest-1] MSauceDemo:62 - URL open
2022-04-15 14:20:59,518  INFO [TestNG-test=ChromeTest-2] MSauceDemo:66 - wait applied
2022-04-15 14:20:59,518  INFO [TestNG-test=ChromeTest-1] MSauceDemo:66 - wait applied
2022-04-15 14:21:00,340  INFO [TestNG-test=ChromeTest-3] MSauceDemo:62 - URL open
2022-04-15 14:21:00,357  INFO [TestNG-test=ChromeTest-3] MSauceDemo:66 - wait applied
2022-04-15 14:21:00,688  INFO [TestNG-test=ChromeTest-4] MSauceDemo:77 - username passed
2022-04-15 14:21:00,695  INFO [TestNG-test=ChromeTest-2] MSauceDemo:77 - username passed
2022-04-15 14:21:00,697  INFO [TestNG-test=ChromeTest-1] MSauceDemo:77 - username passed
2022-04-15 14:21:00,697  INFO [TestNG-test=ChromeTest-3] MSauceDemo:77 - username passed
2022-04-15 14:21:00,857  INFO [TestNG-test=ChromeTest-3] MSauceDemo:79 - password pass
2022-04-15 14:21:00,859  INFO [TestNG-test=ChromeTest-1] MSauceDemo:79 - password pass
2022-04-15 14:21:00,862  INFO [TestNG-test=ChromeTest-2] MSauceDemo:79 - password pass
2022-04-15 14:21:00,868  INFO [TestNG-test=ChromeTest-4] MSauceDemo:79 - password pass
2022-04-15 14:21:01,148  INFO [TestNG-test=ChromeTest-2] MSauceDemo:81 - login click
2022-04-15 14:21:01,162  INFO [TestNG-test=ChromeTest-1] MSauceDemo:81 - login click
2022-04-15 14:21:01,177  INFO [TestNG-test=ChromeTest-4] MSauceDemo:81 - login click
2022-04-15 14:21:01,179  INFO [TestNG-test=ChromeTest-3] MSauceDemo:81 - login click
2022-04-15 14:21:01,229  INFO [TestNG-test=ChromeTest-4] MSauceDemo:32 - validating login
2022-04-15 14:21:02,043  INFO [TestNG-test=ChromeTest-1] MSauceDemo:21 - All container added to cart
2022-04-15 14:21:02,146  INFO [TestNG-test=ChromeTest-3] MSauceDemo:21 - Click on filter
2022-04-15 14:21:02,337  INFO [TestNG-test=ChromeTest-1] MSauceDemo:23 - Click on container
2022-04-15 14:21:02,338  INFO [TestNG-test=ChromeTest-1] MSauceDemo:26 - Expected Cart page url is-https://www.saucedemo.com/cart.html
2022-04-15 14:21:02,348  INFO [TestNG-test=ChromeTest-1] MSauceDemo:28 - Actual Cart PageUrl is-https://www.saucedemo.com/cart.html
2022-04-15 14:21:02,348  INFO [TestNG-test=ChromeTest-1] MSauceDemo:30 - validating all products sucessfully moved to the cart page
2022-04-15 14:21:02,348  INFO [TestNG-test=ChromeTest-1] MSauceDemo:33 - After Clicking On cart button We sucessfully moved to cart page
2022-04-15 14:21:02,600  INFO [TestNG-test=ChromeTest-3] MSauceDemo:23 - Actual tag is-Price (high to low)
2022-04-15 14:21:02,601  INFO [TestNG-test=ChromeTest-3] MSauceDemo:25 - ExpectedProceText is-Price (high to low)
2022-04-15 14:21:02,603  INFO [TestNG-test=ChromeTest-3] MSauceDemo:28 - Filter is applied Sucessfully
2022-04-15 14:21:02,743  INFO [TestNG-test=ChromeTest-2] MSauceDemo:28 - click on checkout button
2022-04-15 14:21:02,744  INFO [TestNG-test=ChromeTest-2] MSauceDemo:31 - expected Url after clicking checkoutbutton is-https://www.saucedemo.com/checkout-step-one.html
2022-04-15 14:21:02,751  INFO [TestNG-test=ChromeTest-2] MSauceDemo:34 - Actual  Url after clicking checkoutbutton is-https://www.saucedemo.com/checkout-step-one.html
2022-04-15 14:21:02,751  INFO [TestNG-test=ChromeTest-2] MSauceDemo:36 - validating checkout button 
2022-04-15 14:21:02,752  INFO [TestNG-test=ChromeTest-2] MSauceDemo:40 - checkout button working fine
2022-04-15 14:21:04,178  INFO [TestNG-test=ChromeTest-1] MSauceDemo:102 - logout
2022-04-15 14:21:04,191  INFO [TestNG-test=ChromeTest-2] MSauceDemo:102 - logout
2022-04-15 14:21:04,484  INFO [TestNG-test=ChromeTest-3] MSauceDemo:102 - logout
2022-04-15 14:21:04,485  INFO [TestNG-test=ChromeTest-4] MSauceDemo:102 - logout
2022-04-15 14:21:06,491  INFO [TestNG-test=ChromeTest-3] MSauceDemo:57 - browser is maximized
2022-04-15 14:21:07,246  INFO [TestNG-test=ChromeTest-2] MSauceDemo:57 - browser is maximized
2022-04-15 14:21:07,892  INFO [TestNG-test=ChromeTest-1] MSauceDemo:57 - browser is maximized
2022-04-15 14:21:18,154  INFO [TestNG-test=ChromeTest-3] MSauceDemo:62 - URL open
2022-04-15 14:21:18,160  INFO [TestNG-test=ChromeTest-3] MSauceDemo:66 - wait applied
2022-04-15 14:21:18,273  INFO [TestNG-test=ChromeTest-3] MSauceDemo:77 - username passed
2022-04-15 14:21:18,386  INFO [TestNG-test=ChromeTest-3] MSauceDemo:79 - password pass
2022-04-15 14:21:18,507  INFO [TestNG-test=ChromeTest-3] MSauceDemo:81 - login click
2022-04-15 14:21:18,765  INFO [TestNG-test=ChromeTest-2] MSauceDemo:62 - URL open
2022-04-15 14:21:18,773  INFO [TestNG-test=ChromeTest-2] MSauceDemo:66 - wait applied
2022-04-15 14:21:18,798  INFO [TestNG-test=ChromeTest-3] MSauceDemo:20 - Add to cart muliipal product
2022-04-15 14:21:18,826  INFO [TestNG-test=ChromeTest-3] MSauceDemo:22 - ACtualcontainerText is-3
2022-04-15 14:21:18,826  INFO [TestNG-test=ChromeTest-3] MSauceDemo:25 - Expected container Text is -
2022-04-15 14:21:18,826  INFO [TestNG-test=ChromeTest-3] MSauceDemo:27 - validating muliple product added to cart or not
2022-04-15 14:21:18,826  INFO [TestNG-test=ChromeTest-3] MSauceDemo:29 - multiple producrs are Added to cart
2022-04-15 14:21:18,900  INFO [TestNG-test=ChromeTest-2] MSauceDemo:77 - username passed
2022-04-15 14:21:19,010  INFO [TestNG-test=ChromeTest-2] MSauceDemo:79 - password pass
2022-04-15 14:21:19,178  INFO [TestNG-test=ChromeTest-1] MSauceDemo:62 - URL open
2022-04-15 14:21:19,192  INFO [TestNG-test=ChromeTest-1] MSauceDemo:66 - wait applied
2022-04-15 14:21:19,223  INFO [TestNG-test=ChromeTest-2] MSauceDemo:81 - login click
2022-04-15 14:21:19,325  INFO [TestNG-test=ChromeTest-2] MSauceDemo:23 - product is added to cart
2022-04-15 14:21:19,366  INFO [TestNG-test=ChromeTest-1] MSauceDemo:77 - username passed
2022-04-15 14:21:19,372  INFO [TestNG-test=ChromeTest-2] MSauceDemo:27 - Actual text is-Open Menu
2022-04-15 14:21:19,523  INFO [TestNG-test=ChromeTest-1] MSauceDemo:79 - password pass
2022-04-15 14:21:19,668  INFO [TestNG-test=ChromeTest-1] MSauceDemo:81 - login click
2022-04-15 14:21:19,751  INFO [TestNG-test=ChromeTest-3] MSauceDemo:102 - logout
2022-04-15 14:21:19,776  INFO [TestNG-test=ChromeTest-1] MSauceDemo:30 - click on sauce lab backpack
2022-04-15 14:21:19,776  INFO [TestNG-test=ChromeTest-1] MSauceDemo:33 - Expected Url is-https://www.saucedemo.com/inventory-item.html?id=4
2022-04-15 14:21:19,797  INFO [TestNG-test=ChromeTest-1] MSauceDemo:36 - Actual Url is-https://www.saucedemo.com/inventory-item.html?id=4
2022-04-15 14:21:19,798  INFO [TestNG-test=ChromeTest-1] MSauceDemo:38 - validating product is selected or not
2022-04-15 14:21:20,383  INFO [TestNG-test=ChromeTest-2] MSauceDemo:102 - logout
2022-04-15 14:21:20,726  INFO [TestNG-test=ChromeTest-1] MSauceDemo:102 - logout
